ARM GAS  /tmp/cc0hFVRv.s 			page 1


   1              		.cpu cortex-m4
   2              		.eabi_attribute 20, 1
   3              		.eabi_attribute 21, 1
   4              		.eabi_attribute 23, 3
   5              		.eabi_attribute 24, 1
   6              		.eabi_attribute 25, 1
   7              		.eabi_attribute 26, 1
   8              		.eabi_attribute 30, 2
   9              		.eabi_attribute 34, 1
  10              		.eabi_attribute 18, 4
  11              		.file	"portab.c"
  12              		.file 1 "./cfg/portab.c"
  13              		.section	.gnu.debuglto_.debug_info,"e",%progbits
  14              	.Ldebug_info0:
  15              		.hidden	portab.c.3672f57c
  16              		.weak	portab.c.3672f57c
  17              	portab.c.3672f57c:
  18 0000 22000000 		.4byte	0x22
  19 0004 0400     		.2byte	0x4
  20 0006 00000000 		.4byte	.Ldebug_abbrev0
  21 000a 04       		.byte	0x4
  22 000b 01       		.uleb128 0x1
  23 000c 78000000 		.4byte	.LASF0
  24 0010 0C       		.byte	0xc
  25 0011 5C000000 		.4byte	.LASF1
  26 0015 00000000 		.4byte	.LASF2
  27 0019 00000000 		.4byte	.Ldebug_line0
  28 001d 02       		.uleb128 0x2
  29 001e 6B000000 		.4byte	.LASF3
  30 0022 01       		.byte	0x1
  31 0023 33       		.byte	0x33
  32 0024 06       		.byte	0x6
  33 0025 00       		.byte	0
  34              		.section	.gnu.debuglto_.debug_abbrev,"e",%progbits
  35              	.Ldebug_abbrev0:
  36 0000 01       		.uleb128 0x1
  37 0001 11       		.uleb128 0x11
  38 0002 01       		.byte	0x1
  39 0003 25       		.uleb128 0x25
  40 0004 0E       		.uleb128 0xe
  41 0005 13       		.uleb128 0x13
  42 0006 0B       		.uleb128 0xb
  43 0007 03       		.uleb128 0x3
  44 0008 0E       		.uleb128 0xe
  45 0009 1B       		.uleb128 0x1b
  46 000a 0E       		.uleb128 0xe
  47 000b 10       		.uleb128 0x10
  48 000c 17       		.uleb128 0x17
  49 000d 00       		.byte	0
  50 000e 00       		.byte	0
  51 000f 02       		.uleb128 0x2
  52 0010 2E       		.uleb128 0x2e
  53 0011 00       		.byte	0
  54 0012 3F       		.uleb128 0x3f
  55 0013 19       		.uleb128 0x19
  56 0014 03       		.uleb128 0x3
  57 0015 0E       		.uleb128 0xe
ARM GAS  /tmp/cc0hFVRv.s 			page 2


  58 0016 3A       		.uleb128 0x3a
  59 0017 0B       		.uleb128 0xb
  60 0018 3B       		.uleb128 0x3b
  61 0019 0B       		.uleb128 0xb
  62 001a 39       		.uleb128 0x39
  63 001b 0B       		.uleb128 0xb
  64 001c 27       		.uleb128 0x27
  65 001d 19       		.uleb128 0x19
  66 001e 00       		.byte	0
  67 001f 00       		.byte	0
  68 0020 00       		.byte	0
  69              		.section	.gnu.debuglto_.debug_line,"e",%progbits
  70              	.Ldebug_line0:
  71 0000 2A000000 		.4byte	.LELT0-.LSLT0
  72              	.LSLT0:
  73 0004 0400     		.2byte	0x4
  74 0006 24000000 		.4byte	.LELTP0-.LASLTP0
  75              	.LASLTP0:
  76 000a 01       		.byte	0x1
  77 000b 01       		.byte	0x1
  78 000c 01       		.byte	0x1
  79 000d F6       		.byte	0xf6
  80 000e F2       		.byte	0xf2
  81 000f 0D       		.byte	0xd
  82 0010 00       		.byte	0
  83 0011 01       		.byte	0x1
  84 0012 01       		.byte	0x1
  85 0013 01       		.byte	0x1
  86 0014 01       		.byte	0x1
  87 0015 00       		.byte	0
  88 0016 00       		.byte	0
  89 0017 00       		.byte	0
  90 0018 01       		.byte	0x1
  91 0019 00       		.byte	0
  92 001a 00       		.byte	0
  93 001b 01       		.byte	0x1
  94 001c 636667   		.ascii	"cfg"
  95 001f 00       		.byte	0
  96 0020 00       		.byte	0
  97 0021 706F7274 		.ascii	"portab.c\000"
  97      61622E63 
  97      00
  98 002a 01       		.uleb128 0x1
  99 002b 00       		.uleb128 0
 100 002c 00       		.uleb128 0
 101 002d 00       		.byte	0
 102              	.LELTP0:
 103              	.LELT0:
 104              		.section	.gnu.debuglto_.debug_str,"eMS",%progbits,1
 105              	.LASF2:
 106 0000 2F686F6D 		.ascii	"/home/rob/Projects/ChibiStudio/ChibiStudio_20/works"
 106      652F726F 
 106      622F5072 
 106      6F6A6563 
 106      74732F43 
 107 0033 70616365 		.ascii	"pace_trunk/F401_blackpill_SerialSniffer/\000"
 107      5F747275 
ARM GAS  /tmp/cc0hFVRv.s 			page 3


 107      6E6B2F46 
 107      3430315F 
 107      626C6163 
 108              	.LASF1:
 109 005c 2E2F6366 		.ascii	"./cfg/portab.c\000"
 109      672F706F 
 109      72746162 
 109      2E6300
 110              	.LASF3:
 111 006b 706F7274 		.ascii	"portab_setup\000"
 111      61625F73 
 111      65747570 
 111      00
 112              	.LASF0:
 113 0078 474E5520 		.ascii	"GNU C17 9.2.1 20191025 (release) [ARM/arm-9-branch "
 113      43313720 
 113      392E322E 
 113      31203230 
 113      31393130 
 114 00ab 72657669 		.ascii	"revision 277599] -mcpu=cortex-m4 -mthumb -mfloat-ab"
 114      73696F6E 
 114      20323737 
 114      3539395D 
 114      202D6D63 
 115 00de 693D736F 		.ascii	"i=soft -march=armv7e-m -ggdb -O2 -fomit-frame-point"
 115      6674202D 
 115      6D617263 
 115      683D6172 
 115      6D763765 
 116 0111 6572202D 		.ascii	"er -falign-functions=16 -ffunction-sections -fdata-"
 116      66616C69 
 116      676E2D66 
 116      756E6374 
 116      696F6E73 
 117 0144 73656374 		.ascii	"sections -fno-common -flto\000"
 117      696F6E73 
 117      202D666E 
 117      6F2D636F 
 117      6D6D6F6E 
 118              		.text
 119              		.section	.gnu.lto_.profile.71e43e8ef280ab23,"e",%progbits
 120 0000 789CE360 		.ascii	"x\234\343``\004B \000\000\000]\000\013"
 120      60044220 
 120      0000005D 
 120      000B
 121              		.text
 122              		.section	.gnu.lto_.icf.71e43e8ef280ab23,"e",%progbits
 123 0000 789CE360 		.ascii	"x\234\343``d\340`@\000F\206\327/\036\354cc\000\000\021"
 123      6064E060 
 123      40004686 
 123      D72F1EEC 
 123      63630000 
 124 0015 66038A   		.ascii	"f\003\212"
 125              		.text
 126              		.section	.gnu.lto_.jmpfuncs.71e43e8ef280ab23,"e",%progbits
 127 0000 789CE360 		.ascii	"x\234\343``d`e@\000F\020\001\000\001*\000\020"
 127      60646065 
ARM GAS  /tmp/cc0hFVRv.s 			page 4


 127      40004610 
 127      0100012A 
 127      0010
 128              		.text
 129              		.section	.gnu.lto_.inline.71e43e8ef280ab23,"e",%progbits
 130 0000 789CE360 		.ascii	"x\234\343``dPe@\000F\006\006\346\006 `Jad`b`h\0042\353"
 130      60645065 
 130      40004606 
 130      06E60620 
 130      604A6164 
 131 001b 1818D820 		.ascii	"\030\030\330 BL ! \000\000\243'\007\213"
 131      424C2021 
 131      200000A3 
 131      27078B
 132              		.text
 133              		.section	.gnu.lto_.pureconst.71e43e8ef280ab23,"e",%progbits
 134 0000 789CE360 		.ascii	"x\234\343``d`a`\000\222\015,\000\001\236\000\223"
 134      60646061 
 134      6000920D 
 134      2C00019E 
 134      0093
 135              		.text
 136              		.section	.gnu.lto_portab_setup.71e43e8ef280ab23,"e",%progbits
 137 0000 789CE360 		.ascii	"x\234\343``d\230\306\300\300 \010\304\262@\314\310\314"
 137      606498C6 
 137      C0C02008 
 137      C4B240CC 
 137      C8CC
 138 0012 C0C8D4D0 		.ascii	"\300\310\324\320\320\340\300\336\310\301\304\310\010"
 138      D0E0C0DE 
 138      C8C1C4C8 
 138      08
 139 001f 66357030 		.ascii	"f5p02\32431\3263\3663Ogf<\324\376l'\223\346r\240L\303"
 139      32D43331 
 139      D633F633 
 139      4F67663C 
 139      D4FE6C27 
 140 0039 81E9D724 		.ascii	"\201\351\327$\033V\034`\234\317\314\3000\023\210!\200"
 140      1B561C60 
 140      9CCFCCC0 
 140      30138821 
 140      80
 141 004a 7117A326 		.ascii	"q\027\243&\003\003P\345\243\215\377\246\362\262\261"
 141      030350E5 
 141      A38DFFA6 
 141      F2B2B1
 142 0059 40A51877 		.ascii	"@\245\030w3\262\001-c`X\177\211\365@\303\277\377\355"
 142      33B2012D 
 142      6360587F 
 142      89F540C3 
 142      BFFFED
 143 006c 0D07CE2C 		.ascii	"\015\007\316,f\274\315\312\304\300\320\315\314\0002"
 143      66BCCDCA 
 143      C4C0D0CD 
 143      CC0032
 144 007b 8E85B1E1 		.ascii	"\216\205\261\341\000\003C\0173\023\204\323\010\344<"
 144      0003430F 
ARM GAS  /tmp/cc0hFVRv.s 			page 5


 144      331384D3 
 144      08E43C
 145 008a 636C5002 		.ascii	"clP\002k|\307\330\244\000f\200@73#B=\003\003\277\236"
 145      6B7CC7D8 
 145      A4006680 
 145      40373323 
 145      423D0303 
 146 00a0 7E725ABA 		.ascii	"~rZ\272~A~QIb\222^2\003\000d\2656\312"
 146      7E417E51 
 146      4962925E 
 146      32030064 
 146      B536CA
 147              		.text
 148              		.section	.gnu.lto_.symbol_nodes.71e43e8ef280ab23,"e",%progbits
 149 0000 789CE360 		.ascii	"x\234\343``d\220a\000\002&\206z\206\006 `a\234p\216"
 149      60649061 
 149      00022686 
 149      7A860620 
 149      60619C70 
 150 0015 01C866D8 		.ascii	"\001\310f\330\325\340\010\224\003\001\000g\226\006\005"
 150      D5E00894 
 150      03010067 
 150      960605
 151              		.text
 152              		.section	.gnu.lto_.refs.71e43e8ef280ab23,"e",%progbits
 153 0000 789CE360 		.ascii	"x\234\343``\004B \000\000\000]\000\013"
 153      60044220 
 153      0000005D 
 153      000B
 154              		.text
 155              		.section	.gnu.lto_.decls.71e43e8ef280ab23,"e",%progbits
 156 0000 789C8550 		.ascii	"x\234\205P\273J\003A\024\275g7B\022\237\0045E\020\202"
 156      BB4A0341 
 156      14BD6737 
 156      42129F04 
 156      35451082 
 157 0014 958549F0 		.ascii	"\225\205I\360\225m\003\026v\222\306Z\222%*BH\360\205"
 157      956D0316 
 157      7692C65A 
 157      92252A42 
 157      48F085
 158 0027 E5684CB4 		.ascii	"\345hL\264\222m\202`\345\013\254\024\004\0051>\222\240"
 158      926D8260 
 158      E50BAC14 
 158      0405313E 
 158      92A0
 159 0039 8585A0A0 		.ascii	"\205\205\240\240\235`\"b\241\215\177\2403;\273F\261"
 159      9D602262 
 159      A18D7FA0 
 159      333BBB46 
 159      B1
 160 004a F0EEECCC 		.ascii	"\360\356\354\314\275\347\336s\346\354:\011\364\006\242"
 160      BDE7DE73 
 160      E6EC3A09 
 160      F406A2
 161 0059 381145F9 		.ascii	"8\021E\371\373\311C\341\347\035\325\202\267\251L\177"
 161      FBC943E1 
ARM GAS  /tmp/cc0hFVRv.s 			page 6


 161      E71DD582 
 161      B7A94C7F 
 162 0069 230BD99B 		.ascii	"#\013\331\233\370gnM\305\376\313\321d\025O\020\322\200"
 162      F8676E4D 
 162      C5FECBD1 
 162      64154F10 
 162      D280
 163 007b 02128FD8 		.ascii	"\002\022\217\330 \211\020K \220\026\314\200\010sN\261"
 163      2089104B 
 163      209016CC 
 163      8008734E 
 163      B1
 164 008c C6C580C4 		.ascii	"\306\305\200\304\344ao\022S,\025\305\366#9R\335,\177"
 164      E4616F12 
 164      532C15C5 
 164      F6233952 
 164      DD2C7F
 165 009f 48CB3EAC 		.ascii	"H\313>\254\276-\"\011\322U\215hA\212u\335O\006\3768"
 165      BE2D2209 
 165      D2558D68 
 165      418A75DD 
 165      4F06FE38 
 166 00b3 AE09D2B7 		.ascii	"\256\011\322\267\250e\206\360\375Cn\016r+u\317\250,"
 166      A86586F0 
 166      FD436E0E 
 166      722B75CF 
 166      A82C
 167 00c5 30C62A51 		.ascii	"0\306*Q\264\031~\336\344\270\261T\272v\250>3\177\334"
 167      B4197EDE 
 167      E4B8B154 
 167      BA76A83E 
 167      337FDC
 168 00d8 79DF6E52 		.ascii	"y\337nR\273\314|y\367\245\352\012\3551\031\316\024\341"
 168      BBCC7C79 
 168      F7A5EA0A 
 168      ED3119CE 
 168      14E1
 169 00ea 0CAA2916 		.ascii	"\014\252)\026\251\027\375\334\225Qh\\U\341qC\341\345"
 169      A917FDDC 
 169      9551685C 
 169      55E17143 
 169      E1E5
 170 00fc E6C3ED22 		.ascii	"\346\303\355\"x\331\352F\013/\363[\227\367.o^P\215\014"
 170      78D9EA46 
 170      0B2FF35B 
 170      97F72E6F 
 170      5E508D0C 
 171 0110 6B5130D1 		.ascii	"kQ0\321\216\"|\270\200\217\233*\301K\230uHc\231\343"
 171      8E227CB8 
 171      808F9B2A 
 171      C14B9875 
 171      486399E3 
 172 0124 8ADAB9C1 		.ascii	"\212\332\271\301>*\254\370\264\336\375z\310X\226\263"
 172      3E2AACF8 
 172      B4DEFD7A 
 172      C85896B3 
 173 0134 1C6208A7 		.ascii	"\034b\010\247Pq\216\220\3719<'\024\360\014\234\240\212"
ARM GAS  /tmp/cc0hFVRv.s 			page 7


 173      50718E90 
 173      F9393C27 
 173      14F00C9C 
 173      A08A
 174 0146 4807A18C 		.ascii	"H\007\241\214NR{\302\344\212M%\347\264D In=55\223\230"
 174      4E527BC2 
 174      E48A4D25 
 174      E7B44420 
 174      496E3D35 
 175 015d 0F24FBA9 		.ascii	"\017$\373\251!\315\323X|t:13\233n\012\206\364\261\361"
 175      21CDD358 
 175      7C743A31 
 175      339B6E0A 
 175      86F4B1F1 
 176 0171 908482BA 		.ascii	"\220\204\202\272shx\304?\330\243\221\307F\202}a\255"
 176      736878C4 
 176      3FD8A391 
 176      C746827D 
 176      61AD
 177 0183 776C40D3 		.ascii	"wl@\323\251\371\367(}\001\315T\210_"
 177      A9F9F728 
 177      7D01CD54 
 177      885F
 178              		.text
 179              		.section	.gnu.lto_.symtab.71e43e8ef280ab23,"e",%progbits
 180 0000 706F7274 		.ascii	"portab_setup\000"
 180      61625F73 
 180      65747570 
 180      00
 181 000d 00       		.ascii	"\000"
 182 000e 00       		.ascii	"\000"
 183 000f 00       		.ascii	"\000"
 184 0010 00000000 		.ascii	"\000\000\000\000\000\000\000\000"
 184      00000000 
 185 0018 C2000000 		.ascii	"\302\000\000\000"
 186              		.text
 187              		.section	.gnu.lto_.opts,"e",%progbits
 188 0000 272D666E 		.ascii	"'-fno-openmp' '-fno-openacc' '-fno-pie' '-mcpu=cort"
 188      6F2D6F70 
 188      656E6D70 
 188      2720272D 
 188      666E6F2D 
 189 0033 65782D6D 		.ascii	"ex-m4' '-mthumb' '-mfloat-abi=soft' '-march=armv7e-"
 189      34272027 
 189      2D6D7468 
 189      756D6227 
 189      20272D6D 
 190 0066 6D272027 		.ascii	"m' '-O2' '-fomit-frame-pointer' '-falign-functions="
 190      2D4F3227 
 190      20272D66 
 190      6F6D6974 
 190      2D667261 
 191 0099 31362720 		.ascii	"16' '-ffunction-sections' '-fdata-sections' '-fno-c"
 191      272D6666 
 191      756E6374 
 191      696F6E2D 
 191      73656374 
ARM GAS  /tmp/cc0hFVRv.s 			page 8


 192 00cc 6F6D6D6F 		.ascii	"ommon' '-flto'\000"
 192      6E272027 
 192      2D666C74 
 192      6F2700
 193              		.text
 194              		.comm	__gnu_lto_v1,1,1
 195              		.comm	__gnu_lto_slim,1,1
 196              		.ident	"GCC: (GNU Tools for Arm Embedded Processors 9-2019-q4-major) 9.2.1 20191025 (release) [ARM
ARM GAS  /tmp/cc0hFVRv.s 			page 9


DEFINED SYMBOLS
                            *ABS*:0000000000000000 portab.c
     /tmp/cc0hFVRv.s:17     .gnu.debuglto_.debug_info:0000000000000000 portab.c.3672f57c
                            *COM*:0000000000000001 __gnu_lto_v1
                            *COM*:0000000000000001 __gnu_lto_slim

NO UNDEFINED SYMBOLS
